<?xml version="1.0" encoding="UTF-8"?>
<!-- Generated by org.testng.reporters.JUnitReportReporter -->
<testsuite skipped="0" hostname="DESKTOP-DDM103P" name="actionClassDemo.Calander_Webtable" tests="1" failures="0" timestamp="13 Aug 2017 14:22:34 GMT" time="24.693" errors="0">
  <testcase name="calanderTest" time="24.693" classname="actionClassDemo.Calander_Webtable"/>
</testsuite> <!-- actionClassDemo.Calander_Webtable -->
