<?xml version="1.0" encoding="UTF-8"?>
<!-- Generated by org.testng.reporters.JUnitReportReporter -->
<testsuite skipped="0" hostname="DESKTOP-DDM103P" name="restapi.WheatherGetRequestApi" tests="1" failures="0" timestamp="12 Aug 2017 18:52:04 GMT" time="2.541" errors="0">
  <testcase name="test001" time="2.541" classname="restapi.WheatherGetRequestApi"/>
</testsuite> <!-- restapi.WheatherGetRequestApi -->
